<?xml version="1.0" encoding="UTF-8"?>
<!-- Generated by org.testng.reporters.JUnitReportReporter -->
<testsuite skipped="0" hostname="tm6" name="com.Testcases.TC01_LaunchApplication" tests="1" failures="0" timestamp="17 Jul 2018 05:23:50 GMT" time="16.306" errors="0">
  <testcase name="validate_loginpanel" time="16.306" classname="com.Testcases.TC01_LaunchApplication"/>
</testsuite> <!-- com.Testcases.TC01_LaunchApplication -->
