<?xml version="1.0" encoding="UTF-8"?>
<!-- Generated by org.testng.reporters.JUnitReportReporter -->
<testsuite skipped="0" hostname="tm6" name="Com.Testcases.TC01_Login" tests="1" failures="0" timestamp="18 Jul 2018 03:31:15 GMT" time="8.374" errors="0">
  <testcase name="validatelogin_panel" time="8.374" classname="Com.Testcases.TC01_Login"/>
</testsuite> <!-- Com.Testcases.TC01_Login -->
